[35m[Appium][39m Welcome to Appium v1.22.0
[35m[Appium][39m Non-default server args:
[35m[Appium][39m   port: 51029
[35m[Appium][39m   loglevel: info
[35m[Appium][39m   tmpDir: C:\Users\User\AppData\Local\Temp\\Katalon\Appium\Temp1632669906613
[35m[Appium][39m   chromedriverPort: 51030
[35m[Appium][39m Deprecated server args:
[35m[Appium][39m   [31m--chromedriver-port[39m => --default-capabilities
[35m[Appium][39m Default capabilities, which will be added to each request unless overridden by desired capabilities:
[35m[Appium][39m   chromedriverPort: 51030
[35m[Appium][39m Appium REST http interface listener started on 0.0.0.0:51029
[35m[HTTP][39m [37m-->[39m [37mGET[39m [37m/wd/hub/status[39m
[35m[HTTP][39m [90m{}[39m
[35m[HTTP][39m [37m<-- GET /wd/hub/status [39m[32m200[39m [90m18 ms - 68[39m
[35m[HTTP][39m [90m[39m
[35m[HTTP][39m [37m-->[39m [37mGET[39m [37m/wd/hub/status[39m
[35m[HTTP][39m [90m{}[39m
[35m[HTTP][39m [37m<-- GET /wd/hub/status [39m[32m200[39m [90m3 ms - 68[39m
[35m[HTTP][39m [90m[39m
[35m[HTTP][39m [37m-->[39m [37mPOST[39m [37m/wd/hub/session[39m
[35m[HTTP][39m [90m{"desiredCapabilities":{"app":"E:\\SEKOLAH QA CILSY BATCH10\\DemoMobile\\androidapp\\Foody Find Reserve Delivery_v5.8.7_apkpure.com.apk","noReset":true,"deviceName":"realme RMX1921 (Android 10)","fullReset":false,"platform":"ANDROID","newCommandTimeout":1800,"platformVersion":"10","automationName":"uiautomator2","autoGrantPermissions":true,"platformName":"Android","udid":"880919e5","systemPort":51037},"capabilities":{"firstMatch":[{"appium:app":"E:\\SEKOLAH QA CILSY BATCH10\\DemoMobile\\androidapp\\Foody Find Reserve Delivery_v5.8.7_apkpure.com.apk","appium:autoGrantPermissions":true,"appium:automationName":"uiautomator2","appium:deviceName":"realme RMX1921 (Android 10)","appium:fullReset":false,"appium:newCommandTimeout":1800,"appium:noReset":true,"platform":"ANDROID","platformName":"android","appium:platformVersion":"10","appium:systemPort":51037,"appium:udid":"880919e5"}]}}[39m
[35m[BaseDriver][39m The following capabilities are not standard capabilities and should have an extension prefix:
[35m[BaseDriver][39m   platform
[35m[BaseDriver][39m   chromedriverPort
[35m[Appium][39m Appium v1.22.0 creating new AndroidUiautomator2Driver (v1.69.0) session
[35m[BaseDriver][39m The following capabilities were provided, but are not recognized by Appium:
[35m[BaseDriver][39m   platform
[35m[BaseDriver][39m Session created with session id: 743da444-87aa-4595-83f8-5388f5c610e2
[35m[BaseDriver][39m Using local app 'E:\SEKOLAH QA CILSY BATCH10\DemoMobile\androidapp\Foody Find Reserve Delivery_v5.8.7_apkpure.com.apk'
[35m[ADB][39m Found 1 'build-tools' folders under 'C:\Users\User\.katalon\tools\android_sdk' (newest first):
[35m[ADB][39m     C:/Users/User/.katalon/tools/android_sdk/build-tools/29.0.3
[35m[ADB][39m Using 'adb.exe' from 'C:\Users\User\.katalon\tools\android_sdk\platform-tools\adb.exe'
[35m[AndroidDriver][39m Retrieving device list
[35m[AndroidDriver][39m Using device: 880919e5
[35m[ADB][39m Using 'adb.exe' from 'C:\Users\User\.katalon\tools\android_sdk\platform-tools\adb.exe'
[35m[ADB][39m Getting device platform version
[35m[UiAutomator2][39m Relaxing hidden api policy
[35m[ADB][39m Package name: 'com.foody.vn.activity'
[35m[ADB][39m Main activity name: 'com.foody.ui.activities.NewFlashActivity'
[35m[ADB][39m Using 'apksigner.jar' from 'C:\Users\User\.katalon\tools\android_sdk\build-tools\29.0.3\lib\apksigner.jar'
[35m[ADB][39m 'C:\Users\User\AppData\Roaming\npm\node_modules\appium\node_modules\appium-uiautomator2-server\apks\appium-uiautomator2-server-v4.24.0.apk' is signed with the default certificate
[35m[ADB][39m 'C:\Users\User\AppData\Roaming\npm\node_modules\appium\node_modules\appium-uiautomator2-server\apks\appium-uiautomator2-server-debug-androidTest.apk' is signed with the default certificate
[35m[UiAutomator2][39m Server packages are not going to be (re)installed
[35m[ADB][39m Adding packages ["io.appium.settings","io.appium.uiautomator2.server","io.appium.uiautomator2.server.test"] to Doze whitelist
[35m[ADB][39m 'E:\SEKOLAH QA CILSY BATCH10\DemoMobile\androidapp\Foody Find Reserve Delivery_v5.8.7_apkpure.com.apk' is signed with a non-default certificate
[35m[ADB][39m The application at 'E:\SEKOLAH QA CILSY BATCH10\DemoMobile\androidapp\Foody Find Reserve Delivery_v5.8.7_apkpure.com.apk' will not be cached, because the device under test has confirmed the support of streamed installs
[35m[ADB][39m The installation of 'Foody Find Reserve Delivery_v5.8.7_apkpure.com.apk' took 14289ms
[35m[UiAutomator2][39m Starting UIAutomator2 server 4.24.0
[35m[UiAutomator2][39m Using UIAutomator2 server from 'C:\Users\User\AppData\Roaming\npm\node_modules\appium\node_modules\appium-uiautomator2-server\apks\appium-uiautomator2-server-v4.24.0.apk' and test from 'C:\Users\User\AppData\Roaming\npm\node_modules\appium\node_modules\appium-uiautomator2-server\apks\appium-uiautomator2-server-debug-androidTest.apk'
[35m[UiAutomator2][39m Waiting up to 30000ms for UiAutomator2 to be online...
[35m[WD Proxy][39m socket hang up
[35m[WD Proxy][39m socket hang up
[35m[WD Proxy][39m socket hang up
[35m[WD Proxy][39m socket hang up
[35m[WD Proxy][39m Determined the downstream protocol as 'W3C'
[35m[AndroidDriver][39m Screen already unlocked, doing nothing
[35m[UiAutomator2][39m Starting 'com.foody.vn.activity/com.foody.ui.activities.NewFlashActivity and waiting for 'com.foody.vn.activity/com.foody.ui.activities.NewFlashActivity'
[35m[Appium][39m New AndroidUiautomator2Driver session created successfully, session 743da444-87aa-4595-83f8-5388f5c610e2 added to master session list
[35m[HTTP][39m [37m<-- POST /wd/hub/session [39m[32m200[39m [90m32516 ms - 1345[39m
[35m[HTTP][39m [90m[39m
[35m[HTTP][39m [37m-->[39m [37mGET[39m [37m/wd/hub/session/743da444-87aa-4595-83f8-5388f5c610e2[39m
[35m[HTTP][39m [90m{}[39m
[35m[HTTP][39m [37m<-- GET /wd/hub/session/743da444-87aa-4595-83f8-5388f5c610e2 [39m[32m200[39m [90m47 ms - 1299[39m
[35m[HTTP][39m [90m[39m
[35m[HTTP][39m [37m-->[39m [37mGET[39m [37m/wd/hub/session/743da444-87aa-4595-83f8-5388f5c610e2[39m
[35m[HTTP][39m [90m{}[39m
[35m[HTTP][39m [37m<-- GET /wd/hub/session/743da444-87aa-4595-83f8-5388f5c610e2 [39m[32m200[39m [90m22 ms - 1299[39m
[35m[HTTP][39m [90m[39m
[35m[HTTP][39m [37m-->[39m [37mGET[39m [37m/wd/hub/status[39m
[35m[HTTP][39m [90m{}[39m
[35m[HTTP][39m [37m<-- GET /wd/hub/status [39m[32m200[39m [90m2 ms - 68[39m
[35m[HTTP][39m [90m[39m
[35m[HTTP][39m [37m-->[39m [37mPOST[39m [37m/wd/hub/session/743da444-87aa-4595-83f8-5388f5c610e2/timeouts[39m
[35m[HTTP][39m [90m{"implicit":60000}[39m
[35m[HTTP][39m [37m<-- POST /wd/hub/session/743da444-87aa-4595-83f8-5388f5c610e2/timeouts [39m[32m200[39m [90m8 ms - 14[39m
[35m[HTTP][39m [90m[39m
[35m[HTTP][39m [37m-->[39m [37mGET[39m [37m/wd/hub/session/743da444-87aa-4595-83f8-5388f5c610e2/source[39m
[35m[HTTP][39m [90m{}[39m
[35m[W3C (743da444)][39m Driver proxy active, passing request on via HTTP proxy
[35m[WD Proxy][39m Replacing sessionId 240be372-4ef8-4b33-9193-aa12aa6761fe with 743da444-87aa-4595-83f8-5388f5c610e2
[35m[HTTP][39m [37m<-- GET /wd/hub/session/743da444-87aa-4595-83f8-5388f5c610e2/source [39m[32m200[39m [90m10405 ms - 8463[39m
[35m[HTTP][39m [90m[39m
[35m[HTTP][39m [37m-->[39m [37mGET[39m [37m/wd/hub/session/743da444-87aa-4595-83f8-5388f5c610e2/screenshot[39m
[35m[HTTP][39m [90m{}[39m
[35m[HTTP][39m [37m<-- GET /wd/hub/session/743da444-87aa-4595-83f8-5388f5c610e2/screenshot [39m[32m200[39m [90m680 ms - 92316[39m
[35m[HTTP][39m [90m[39m
[35m[HTTP][39m [37m-->[39m [37mGET[39m [37m/wd/hub/session/743da444-87aa-4595-83f8-5388f5c610e2/source[39m
[35m[HTTP][39m [90m{}[39m
[35m[W3C (743da444)][39m Driver proxy active, passing request on via HTTP proxy
[35m[WD Proxy][39m Replacing sessionId 240be372-4ef8-4b33-9193-aa12aa6761fe with 743da444-87aa-4595-83f8-5388f5c610e2
[35m[HTTP][39m [37m<-- GET /wd/hub/session/743da444-87aa-4595-83f8-5388f5c610e2/source [39m[32m200[39m [90m255 ms - 12924[39m
[35m[HTTP][39m [90m[39m
[35m[HTTP][39m [37m-->[39m [37mGET[39m [37m/wd/hub/session/743da444-87aa-4595-83f8-5388f5c610e2/screenshot[39m
[35m[HTTP][39m [90m{}[39m
[35m[HTTP][39m [37m<-- GET /wd/hub/session/743da444-87aa-4595-83f8-5388f5c610e2/screenshot [39m[32m200[39m [90m1023 ms - 660600[39m
[35m[HTTP][39m [90m[39m
[35m[HTTP][39m [37m-->[39m [37mGET[39m [37m/wd/hub/session/743da444-87aa-4595-83f8-5388f5c610e2/source[39m
[35m[HTTP][39m [90m{}[39m
[35m[W3C (743da444)][39m Driver proxy active, passing request on via HTTP proxy
[35m[WD Proxy][39m Replacing sessionId 240be372-4ef8-4b33-9193-aa12aa6761fe with 743da444-87aa-4595-83f8-5388f5c610e2
[35m[HTTP][39m [37m<-- GET /wd/hub/session/743da444-87aa-4595-83f8-5388f5c610e2/source [39m[32m200[39m [90m201 ms - 17103[39m
[35m[HTTP][39m [90m[39m
[35m[HTTP][39m [37m-->[39m [37mGET[39m [37m/wd/hub/session/743da444-87aa-4595-83f8-5388f5c610e2/screenshot[39m
[35m[HTTP][39m [90m{}[39m
[35m[HTTP][39m [37m<-- GET /wd/hub/session/743da444-87aa-4595-83f8-5388f5c610e2/screenshot [39m[32m200[39m [90m591 ms - 123294[39m
[35m[HTTP][39m [90m[39m
[35m[HTTP][39m [37m-->[39m [37mPOST[39m [37m/wd/hub/session/743da444-87aa-4595-83f8-5388f5c610e2/elements[39m
[35m[HTTP][39m [90m{"using":"xpath","value":"//*[@class = 'android.widget.EditText' and (@text = 'Title (optional)' or . = 'Title (optional)') and @resource-id = 'com.foody.vn.activity:id/edtReviewTitle']"}[39m
[35m[HTTP][39m [37m<-- POST /wd/hub/session/743da444-87aa-4595-83f8-5388f5c610e2/elements [39m[32m200[39m [90m275 ms - 139[39m
[35m[HTTP][39m [90m[39m
[35m[HTTP][39m [37m-->[39m [37mGET[39m [37m/wd/hub/session/743da444-87aa-4595-83f8-5388f5c610e2/window/rect[39m
[35m[HTTP][39m [90m{}[39m
[35m[HTTP][39m [37m<-- GET /wd/hub/session/743da444-87aa-4595-83f8-5388f5c610e2/window/rect [39m[32m200[39m [90m66 ms - 50[39m
[35m[HTTP][39m [90m[39m
[35m[HTTP][39m [37m-->[39m [37mPOST[39m [37m/wd/hub/session/743da444-87aa-4595-83f8-5388f5c610e2/elements[39m
[35m[HTTP][39m [90m{"using":"xpath","value":"//*[@class = 'android.widget.EditText' and (@text = 'Title (optional)' or . = 'Title (optional)') and @resource-id = 'com.foody.vn.activity:id/edtReviewTitle']"}[39m
[35m[HTTP][39m [37m<-- POST /wd/hub/session/743da444-87aa-4595-83f8-5388f5c610e2/elements [39m[32m200[39m [90m105 ms - 139[39m
[35m[HTTP][39m [90m[39m
[35m[HTTP][39m [37m-->[39m [37mGET[39m [37m/wd/hub/session/743da444-87aa-4595-83f8-5388f5c610e2/element/00000000-0000-0700-ffff-ffff00000c93/location[39m
[35m[HTTP][39m [90m{}[39m
[35m[W3C (743da444)][39m Driver proxy active, passing request on via HTTP proxy
[35m[WD Proxy][39m Replacing sessionId 240be372-4ef8-4b33-9193-aa12aa6761fe with 743da444-87aa-4595-83f8-5388f5c610e2
[35m[HTTP][39m [37m<-- GET /wd/hub/session/743da444-87aa-4595-83f8-5388f5c610e2/element/00000000-0000-0700-ffff-ffff00000c93/location [39m[32m200[39m [90m35 ms - 76[39m
[35m[HTTP][39m [90m[39m
[35m[HTTP][39m [37m-->[39m [37mPOST[39m [37m/wd/hub/session/743da444-87aa-4595-83f8-5388f5c610e2/touch/perform[39m
[35m[HTTP][39m [90m{"actions":[{"action":"tap","options":{"x":1,"y":1,"element":"00000000-0000-0700-ffff-ffff00000c93"}}]}[39m
[35m[UiAutomator2][39m calling get location: 00000000-0000-0700-ffff-ffff00000c93
[35m[HTTP][39m [37m<-- POST /wd/hub/session/743da444-87aa-4595-83f8-5388f5c610e2/touch/perform [39m[32m200[39m [90m299 ms - 14[39m
[35m[HTTP][39m [90m[39m
[35m[HTTP][39m [37m-->[39m [37mGET[39m [37m/wd/hub/session/743da444-87aa-4595-83f8-5388f5c610e2/source[39m
[35m[HTTP][39m [90m{}[39m
[35m[W3C (743da444)][39m Driver proxy active, passing request on via HTTP proxy
[35m[WD Proxy][39m Replacing sessionId 240be372-4ef8-4b33-9193-aa12aa6761fe with 743da444-87aa-4595-83f8-5388f5c610e2
[35m[HTTP][39m [37m<-- GET /wd/hub/session/743da444-87aa-4595-83f8-5388f5c610e2/source [39m[32m200[39m [90m663 ms - 17102[39m
[35m[HTTP][39m [90m[39m
[35m[HTTP][39m [37m-->[39m [37mGET[39m [37m/wd/hub/session/743da444-87aa-4595-83f8-5388f5c610e2/screenshot[39m
[35m[HTTP][39m [90m{}[39m
[35m[HTTP][39m [37m<-- GET /wd/hub/session/743da444-87aa-4595-83f8-5388f5c610e2/screenshot [39m[32m200[39m [90m629 ms - 207514[39m
[35m[HTTP][39m [90m[39m
[35m[HTTP][39m [37m-->[39m [37mPOST[39m [37m/wd/hub/session/743da444-87aa-4595-83f8-5388f5c610e2/elements[39m
[35m[HTTP][39m [90m{"using":"xpath","value":"//*[@class = 'android.widget.EditText' and (@text = 'Title (optional)' or . = 'Title (optional)') and @resource-id = 'com.foody.vn.activity:id/edtReviewTitle']"}[39m
[35m[HTTP][39m [37m<-- POST /wd/hub/session/743da444-87aa-4595-83f8-5388f5c610e2/elements [39m[32m200[39m [90m127 ms - 139[39m
[35m[HTTP][39m [90m[39m
[35m[HTTP][39m [37m-->[39m [37mGET[39m [37m/wd/hub/session/743da444-87aa-4595-83f8-5388f5c610e2/window/rect[39m
[35m[HTTP][39m [90m{}[39m
[35m[HTTP][39m [37m<-- GET /wd/hub/session/743da444-87aa-4595-83f8-5388f5c610e2/window/rect [39m[32m200[39m [90m58 ms - 50[39m
[35m[HTTP][39m [90m[39m
[35m[HTTP][39m [37m-->[39m [37mPOST[39m [37m/wd/hub/session/743da444-87aa-4595-83f8-5388f5c610e2/elements[39m
[35m[HTTP][39m [90m{"using":"xpath","value":"//*[@class = 'android.widget.EditText' and (@text = 'Title (optional)' or . = 'Title (optional)') and @resource-id = 'com.foody.vn.activity:id/edtReviewTitle']"}[39m
[35m[HTTP][39m [37m<-- POST /wd/hub/session/743da444-87aa-4595-83f8-5388f5c610e2/elements [39m[32m200[39m [90m136 ms - 139[39m
[35m[HTTP][39m [90m[39m
[35m[HTTP][39m [37m-->[39m [37mGET[39m [37m/wd/hub/session/743da444-87aa-4595-83f8-5388f5c610e2/element/00000000-0000-0700-ffff-ffff00000c93/location[39m
[35m[HTTP][39m [90m{}[39m
[35m[W3C (743da444)][39m Driver proxy active, passing request on via HTTP proxy
[35m[WD Proxy][39m Replacing sessionId 240be372-4ef8-4b33-9193-aa12aa6761fe with 743da444-87aa-4595-83f8-5388f5c610e2
[35m[HTTP][39m [37m<-- GET /wd/hub/session/743da444-87aa-4595-83f8-5388f5c610e2/element/00000000-0000-0700-ffff-ffff00000c93/location [39m[32m200[39m [90m40 ms - 76[39m
[35m[HTTP][39m [90m[39m
[35m[HTTP][39m [37m-->[39m [37mPOST[39m [37m/wd/hub/session/743da444-87aa-4595-83f8-5388f5c610e2/element/00000000-0000-0700-ffff-ffff00000c93/clear[39m
[35m[HTTP][39m [90m{"id":"00000000-0000-0700-ffff-ffff00000c93"}[39m
[35m[HTTP][39m [37m<-- POST /wd/hub/session/743da444-87aa-4595-83f8-5388f5c610e2/element/00000000-0000-0700-ffff-ffff00000c93/clear [39m[32m200[39m [90m73 ms - 14[39m
[35m[HTTP][39m [90m[39m
[35m[HTTP][39m [37m-->[39m [37mPOST[39m [37m/wd/hub/session/743da444-87aa-4595-83f8-5388f5c610e2/element/00000000-0000-0700-ffff-ffff00000c93/value[39m
[35m[HTTP][39m [90m{"id":"00000000-0000-0700-ffff-ffff00000c93","text":"Taste","value":["T","a","s","t","e"]}[39m
[35m[HTTP][39m [37m<-- POST /wd/hub/session/743da444-87aa-4595-83f8-5388f5c610e2/element/00000000-0000-0700-ffff-ffff00000c93/value [39m[32m200[39m [90m2139 ms - 14[39m
[35m[HTTP][39m [90m[39m
[35m[HTTP][39m [37m-->[39m [37mGET[39m [37m/wd/hub/session/743da444-87aa-4595-83f8-5388f5c610e2/source[39m
[35m[HTTP][39m [90m{}[39m
[35m[W3C (743da444)][39m Driver proxy active, passing request on via HTTP proxy
[35m[WD Proxy][39m Replacing sessionId 240be372-4ef8-4b33-9193-aa12aa6761fe with 743da444-87aa-4595-83f8-5388f5c610e2
[35m[HTTP][39m [37m<-- GET /wd/hub/session/743da444-87aa-4595-83f8-5388f5c610e2/source [39m[32m200[39m [90m197 ms - 17091[39m
[35m[HTTP][39m [90m[39m
[35m[HTTP][39m [37m-->[39m [37mGET[39m [37m/wd/hub/session/743da444-87aa-4595-83f8-5388f5c610e2/screenshot[39m
[35m[HTTP][39m [90m{}[39m
[35m[HTTP][39m [37m<-- GET /wd/hub/session/743da444-87aa-4595-83f8-5388f5c610e2/screenshot [39m[32m200[39m [90m593 ms - 201770[39m
[35m[HTTP][39m [90m[39m
[35m[HTTP][39m [37m-->[39m [37mPOST[39m [37m/wd/hub/session/743da444-87aa-4595-83f8-5388f5c610e2/elements[39m
[35m[HTTP][39m [90m{"using":"xpath","value":"//*[@class = 'android.widget.EditText' and (@text = 'Please review more than 100 words, do not spam… to get reward points!' or . = 'Please review more than 100 words, do not spam… to get reward points!') and @resource-id = 'com.foody.vn.activity:id/edtPostContent']"}[39m
[35m[HTTP][39m [37m<-- POST /wd/hub/session/743da444-87aa-4595-83f8-5388f5c610e2/elements [39m[32m200[39m [90m132 ms - 139[39m
[35m[HTTP][39m [90m[39m
[35m[HTTP][39m [37m-->[39m [37mGET[39m [37m/wd/hub/session/743da444-87aa-4595-83f8-5388f5c610e2/window/rect[39m
[35m[HTTP][39m [90m{}[39m
[35m[HTTP][39m [37m<-- GET /wd/hub/session/743da444-87aa-4595-83f8-5388f5c610e2/window/rect [39m[32m200[39m [90m19 ms - 50[39m
[35m[HTTP][39m [90m[39m
[35m[HTTP][39m [37m-->[39m [37mPOST[39m [37m/wd/hub/session/743da444-87aa-4595-83f8-5388f5c610e2/elements[39m
[35m[HTTP][39m [90m{"using":"xpath","value":"//*[@class = 'android.widget.EditText' and (@text = 'Please review more than 100 words, do not spam… to get reward points!' or . = 'Please review more than 100 words, do not spam… to get reward points!') and @resource-id = 'com.foody.vn.activity:id/edtPostContent']"}[39m
[35m[HTTP][39m [37m<-- POST /wd/hub/session/743da444-87aa-4595-83f8-5388f5c610e2/elements [39m[32m200[39m [90m99 ms - 139[39m
[35m[HTTP][39m [90m[39m
[35m[HTTP][39m [37m-->[39m [37mGET[39m [37m/wd/hub/session/743da444-87aa-4595-83f8-5388f5c610e2/element/00000000-0000-0700-ffff-ffff00000c95/location[39m
[35m[HTTP][39m [90m{}[39m
[35m[W3C (743da444)][39m Driver proxy active, passing request on via HTTP proxy
[35m[WD Proxy][39m Replacing sessionId 240be372-4ef8-4b33-9193-aa12aa6761fe with 743da444-87aa-4595-83f8-5388f5c610e2
[35m[HTTP][39m [37m<-- GET /wd/hub/session/743da444-87aa-4595-83f8-5388f5c610e2/element/00000000-0000-0700-ffff-ffff00000c95/location [39m[32m200[39m [90m33 ms - 76[39m
[35m[HTTP][39m [90m[39m
[35m[HTTP][39m [37m-->[39m [37mPOST[39m [37m/wd/hub/session/743da444-87aa-4595-83f8-5388f5c610e2/touch/perform[39m
[35m[HTTP][39m [90m{"actions":[{"action":"tap","options":{"x":1,"y":1,"element":"00000000-0000-0700-ffff-ffff00000c95"}}]}[39m
[35m[UiAutomator2][39m calling get location: 00000000-0000-0700-ffff-ffff00000c95
[35m[HTTP][39m [37m<-- POST /wd/hub/session/743da444-87aa-4595-83f8-5388f5c610e2/touch/perform [39m[32m200[39m [90m827 ms - 14[39m
[35m[HTTP][39m [90m[39m
[35m[HTTP][39m [37m-->[39m [37mGET[39m [37m/wd/hub/session/743da444-87aa-4595-83f8-5388f5c610e2/source[39m
[35m[HTTP][39m [90m{}[39m
[35m[W3C (743da444)][39m Driver proxy active, passing request on via HTTP proxy
[35m[WD Proxy][39m Replacing sessionId 240be372-4ef8-4b33-9193-aa12aa6761fe with 743da444-87aa-4595-83f8-5388f5c610e2
[35m[HTTP][39m [37m<-- GET /wd/hub/session/743da444-87aa-4595-83f8-5388f5c610e2/source [39m[32m200[39m [90m169 ms - 17091[39m
[35m[HTTP][39m [90m[39m
[35m[HTTP][39m [37m-->[39m [37mGET[39m [37m/wd/hub/session/743da444-87aa-4595-83f8-5388f5c610e2/screenshot[39m
[35m[HTTP][39m [90m{}[39m
[35m[HTTP][39m [37m<-- GET /wd/hub/session/743da444-87aa-4595-83f8-5388f5c610e2/screenshot [39m[32m200[39m [90m618 ms - 203588[39m
[35m[HTTP][39m [90m[39m
[35m[HTTP][39m [37m-->[39m [37mPOST[39m [37m/wd/hub/session/743da444-87aa-4595-83f8-5388f5c610e2/elements[39m
[35m[HTTP][39m [90m{"using":"xpath","value":"//*[@class = 'android.widget.EditText' and (@text = 'Please review more than 100 words, do not spam… to get reward points!' or . = 'Please review more than 100 words, do not spam… to get reward points!') and @resource-id = 'com.foody.vn.activity:id/edtPostContent']"}[39m
[35m[HTTP][39m [37m<-- POST /wd/hub/session/743da444-87aa-4595-83f8-5388f5c610e2/elements [39m[32m200[39m [90m126 ms - 139[39m
[35m[HTTP][39m [90m[39m
[35m[HTTP][39m [37m-->[39m [37mGET[39m [37m/wd/hub/session/743da444-87aa-4595-83f8-5388f5c610e2/window/rect[39m
[35m[HTTP][39m [90m{}[39m
[35m[HTTP][39m [37m<-- GET /wd/hub/session/743da444-87aa-4595-83f8-5388f5c610e2/window/rect [39m[32m200[39m [90m30 ms - 50[39m
[35m[HTTP][39m [90m[39m
[35m[HTTP][39m [37m-->[39m [37mPOST[39m [37m/wd/hub/session/743da444-87aa-4595-83f8-5388f5c610e2/elements[39m
[35m[HTTP][39m [90m{"using":"xpath","value":"//*[@class = 'android.widget.EditText' and (@text = 'Please review more than 100 words, do not spam… to get reward points!' or . = 'Please review more than 100 words, do not spam… to get reward points!') and @resource-id = 'com.foody.vn.activity:id/edtPostContent']"}[39m
[35m[HTTP][39m [37m<-- POST /wd/hub/session/743da444-87aa-4595-83f8-5388f5c610e2/elements [39m[32m200[39m [90m116 ms - 139[39m
[35m[HTTP][39m [90m[39m
[35m[HTTP][39m [37m-->[39m [37mGET[39m [37m/wd/hub/session/743da444-87aa-4595-83f8-5388f5c610e2/element/00000000-0000-0700-ffff-ffff00000c95/location[39m
[35m[HTTP][39m [90m{}[39m
[35m[W3C (743da444)][39m Driver proxy active, passing request on via HTTP proxy
[35m[WD Proxy][39m Replacing sessionId 240be372-4ef8-4b33-9193-aa12aa6761fe with 743da444-87aa-4595-83f8-5388f5c610e2
[35m[HTTP][39m [37m<-- GET /wd/hub/session/743da444-87aa-4595-83f8-5388f5c610e2/element/00000000-0000-0700-ffff-ffff00000c95/location [39m[32m200[39m [90m40 ms - 76[39m
[35m[HTTP][39m [90m[39m
[35m[HTTP][39m [37m-->[39m [37mPOST[39m [37m/wd/hub/session/743da444-87aa-4595-83f8-5388f5c610e2/element/00000000-0000-0700-ffff-ffff00000c95/clear[39m
[35m[HTTP][39m [90m{"id":"00000000-0000-0700-ffff-ffff00000c95"}[39m
[35m[HTTP][39m [37m<-- POST /wd/hub/session/743da444-87aa-4595-83f8-5388f5c610e2/element/00000000-0000-0700-ffff-ffff00000c95/clear [39m[32m200[39m [90m52 ms - 14[39m
[35m[HTTP][39m [90m[39m
[35m[HTTP][39m [37m-->[39m [37mPOST[39m [37m/wd/hub/session/743da444-87aa-4595-83f8-5388f5c610e2/element/00000000-0000-0700-ffff-ffff00000c95/value[39m
[35m[HTTP][39m [90m{"id":"00000000-0000-0700-ffff-ffff00000c95","text":"This is my favorite","value":["T","h","i","s"," ","i","s"," ","m","y"," ","f","a","v","o","r","i","t","e"]}[39m
[35m[HTTP][39m [37m<-- POST /wd/hub/session/743da444-87aa-4595-83f8-5388f5c610e2/element/00000000-0000-0700-ffff-ffff00000c95/value [39m[32m200[39m [90m1824 ms - 14[39m
[35m[HTTP][39m [90m[39m
[35m[HTTP][39m [37m-->[39m [37mGET[39m [37m/wd/hub/session/743da444-87aa-4595-83f8-5388f5c610e2/source[39m
[35m[HTTP][39m [90m{}[39m
[35m[W3C (743da444)][39m Driver proxy active, passing request on via HTTP proxy
[35m[WD Proxy][39m Replacing sessionId 240be372-4ef8-4b33-9193-aa12aa6761fe with 743da444-87aa-4595-83f8-5388f5c610e2
[35m[HTTP][39m [37m<-- GET /wd/hub/session/743da444-87aa-4595-83f8-5388f5c610e2/source [39m[32m200[39m [90m192 ms - 17485[39m
[35m[HTTP][39m [90m[39m
[35m[HTTP][39m [37m-->[39m [37mGET[39m [37m/wd/hub/session/743da444-87aa-4595-83f8-5388f5c610e2/screenshot[39m
[35m[HTTP][39m [90m{}[39m
[35m[HTTP][39m [37m<-- GET /wd/hub/session/743da444-87aa-4595-83f8-5388f5c610e2/screenshot [39m[32m200[39m [90m645 ms - 194774[39m
[35m[HTTP][39m [90m[39m
[35m[HTTP][39m [37m-->[39m [37mDELETE[39m [37m/wd/hub/session/743da444-87aa-4595-83f8-5388f5c610e2[39m
[35m[HTTP][39m [90m{}[39m
[35m[Appium][39m Removing session 743da444-87aa-4595-83f8-5388f5c610e2 from our master session list
[35m[UiAutomator2][39m Restoring hidden api policy to the device default configuration
[35m[HTTP][39m [37m<-- DELETE /wd/hub/session/743da444-87aa-4595-83f8-5388f5c610e2 [39m[32m200[39m [90m752 ms - 14[39m
[35m[HTTP][39m [90m[39m
